2023-12-11 12:37:46.481  INFO 1 --- [           main] c.c.delivery.CourierDeliveryApplication  : Starting CourierDeliveryApplication v0.0.1-SNAPSHOT using Java 17.0.2 on ae829df2e966 with PID 1 (/delivery-0.0.1-SNAPSHOT.jar started by root in /)
2023-12-11 12:37:46.485  INFO 1 --- [           main] c.c.delivery.CourierDeliveryApplication  : No active profile set, falling back to 1 default profile: "default"
2023-12-11 12:37:47.483  INFO 1 --- [           main] .s.d.r.c.RepositoryConfigurationDelegate : Bootstrapping Spring Data JPA repositories in DEFAULT mode.
2023-12-11 12:37:47.556  INFO 1 --- [           main] .s.d.r.c.RepositoryConfigurationDelegate : Finished Spring Data repository scanning in 60 ms. Found 2 JPA repository interfaces.
2023-12-11 12:37:48.361  INFO 1 --- [           main] o.s.b.w.embedded.tomcat.TomcatWebServer  : Tomcat initialized with port(s): 9090 (http)
2023-12-11 12:37:48.377  INFO 1 --- [           main] o.apache.catalina.core.StandardService   : Starting service [Tomcat]
2023-12-11 12:37:48.377  INFO 1 --- [           main] org.apache.catalina.core.StandardEngine  : Starting Servlet engine: [Apache Tomcat/9.0.65]
2023-12-11 12:37:48.470  INFO 1 --- [           main] o.a.c.c.C.[Tomcat].[localhost].[/]       : Initializing Spring embedded WebApplicationContext
2023-12-11 12:37:48.471  INFO 1 --- [           main] w.s.c.ServletWebServerApplicationContext : Root WebApplicationContext: initialization completed in 1924 ms
2023-12-11 12:37:48.712  INFO 1 --- [           main] o.hibernate.jpa.internal.util.LogHelper  : HHH000204: Processing PersistenceUnitInfo [name: default]
2023-12-11 12:37:48.775  INFO 1 --- [           main] org.hibernate.Version                    : HHH000412: Hibernate ORM core version 5.6.10.Final
2023-12-11 12:37:48.957  INFO 1 --- [           main] o.hibernate.annotations.common.Version   : HCANN000001: Hibernate Commons Annotations {5.1.2.Final}
2023-12-11 12:37:49.079  INFO 1 --- [           main] com.zaxxer.hikari.HikariDataSource       : HikariPool-1 - Starting...
2023-12-11 12:37:49.439  INFO 1 --- [           main] com.zaxxer.hikari.HikariDataSource       : HikariPool-1 - Start completed.
2023-12-11 12:37:49.455  INFO 1 --- [           main] org.hibernate.dialect.Dialect            : HHH000400: Using dialect: org.hibernate.dialect.MySQL8Dialect
2023-12-11 12:37:50.014  INFO 1 --- [           main] o.h.e.t.j.p.i.JtaPlatformInitiator       : HHH000490: Using JtaPlatform implementation: [org.hibernate.engine.transaction.jta.platform.internal.NoJtaPlatform]
2023-12-11 12:37:50.021  INFO 1 --- [           main] j.LocalContainerEntityManagerFactoryBean : Initialized JPA EntityManagerFactory for persistence unit 'default'
2023-12-11 12:37:50.496  WARN 1 --- [           main] JpaBaseConfiguration$JpaWebConfiguration : spring.jpa.open-in-view is enabled by default. Therefore, database queries may be performed during view rendering. Explicitly configure spring.jpa.open-in-view to disable this warning
2023-12-11 12:37:51.289  INFO 1 --- [           main] o.s.s.web.DefaultSecurityFilterChain     : Will secure any request with [org.springframework.security.web.session.DisableEncodeUrlFilter@34332b8d, org.springframework.security.web.context.request.async.WebAsyncManagerIntegrationFilter@724b939e, org.springframework.security.web.context.SecurityContextPersistenceFilter@24a86066, org.springframework.security.web.header.HeaderWriterFilter@3b48e183, org.springframework.web.filter.CorsFilter@6f8aba08, org.springframework.security.web.authentication.logout.LogoutFilter@5ec5ea63, com.courier.delivery.utils.JwtFilter@9596ce8, org.springframework.security.web.savedrequest.RequestCacheAwareFilter@5b3bb1f7, org.springframework.security.web.servletapi.SecurityContextHolderAwareRequestFilter@6a6f6c7e, org.springframework.security.web.authentication.AnonymousAuthenticationFilter@7ff19c33, org.springframework.security.web.session.SessionManagementFilter@3fd9e827, org.springframework.security.web.access.ExceptionTranslationFilter@d1d8e1a, org.springframework.security.web.access.intercept.FilterSecurityInterceptor@33feb805]
2023-12-11 12:37:51.533  INFO 1 --- [           main] o.s.b.w.embedded.tomcat.TomcatWebServer  : Tomcat started on port(s): 9090 (http) with context path ''
2023-12-11 12:37:51.544  INFO 1 --- [           main] c.c.delivery.CourierDeliveryApplication  : Started CourierDeliveryApplication in 5.622 seconds (JVM running for 6.21)
2023-12-11 12:38:17.856  INFO 1 --- [nio-9090-exec-3] o.a.c.c.C.[Tomcat].[localhost].[/]       : Initializing Spring DispatcherServlet 'dispatcherServlet'
2023-12-11 12:38:17.856  INFO 1 --- [nio-9090-exec-3] o.s.web.servlet.DispatcherServlet        : Initializing Servlet 'dispatcherServlet'
2023-12-11 12:38:17.857  INFO 1 --- [nio-9090-exec-3] o.s.web.servlet.DispatcherServlet        : Completed initialization in 1 ms
Hibernate: select user0_.id as id1_1_, user0_.active as active2_1_, user0_.created_on as created_3_1_, user0_.email as email4_1_, user0_.first_name as first_na5_1_, user0_.last_name as last_nam6_1_, user0_.mobile_no as mobile_n7_1_, user0_.password as password8_1_, user0_.role as role9_1_ from user user0_ where user0_.email=?
2023-12-11 12:38:18.081  INFO 1 --- [nio-9090-exec-2] c.c.d.controllers.AdminController        : [TYPE] incoming [METHOD] GET [API_NAME] agentsGetAll
Hibernate: select user0_.id as id1_1_, user0_.active as active2_1_, user0_.created_on as created_3_1_, user0_.email as email4_1_, user0_.first_name as first_na5_1_, user0_.last_name as last_nam6_1_, user0_.mobile_no as mobile_n7_1_, user0_.password as password8_1_, user0_.role as role9_1_ from user user0_ where user0_.role=?
2023-12-11 12:38:18.087  INFO 1 --- [nio-9090-exec-2] c.c.d.controllers.AdminController        : [TYPE] outgoing [METHOD] GET [API_NAME] agentsGetAll [STATUS] SUCCESS
Hibernate: select user0_.id as id1_1_, user0_.active as active2_1_, user0_.created_on as created_3_1_, user0_.email as email4_1_, user0_.first_name as first_na5_1_, user0_.last_name as last_nam6_1_, user0_.mobile_no as mobile_n7_1_, user0_.password as password8_1_, user0_.role as role9_1_ from user user0_ where user0_.email=?
2023-12-11 12:38:18.131  INFO 1 --- [nio-9090-exec-4] c.c.d.controllers.AdminController        : [TYPE] incoming [METHOD] GET [API_NAME] agentsGetAll
Hibernate: select user0_.id as id1_1_, user0_.active as active2_1_, user0_.created_on as created_3_1_, user0_.email as email4_1_, user0_.first_name as first_na5_1_, user0_.last_name as last_nam6_1_, user0_.mobile_no as mobile_n7_1_, user0_.password as password8_1_, user0_.role as role9_1_ from user user0_ where user0_.role=?
2023-12-11 12:38:18.134  INFO 1 --- [nio-9090-exec-4] c.c.d.controllers.AdminController        : [TYPE] outgoing [METHOD] GET [API_NAME] agentsGetAll [STATUS] SUCCESS
Hibernate: select user0_.id as id1_1_, user0_.active as active2_1_, user0_.created_on as created_3_1_, user0_.email as email4_1_, user0_.first_name as first_na5_1_, user0_.last_name as last_nam6_1_, user0_.mobile_no as mobile_n7_1_, user0_.password as password8_1_, user0_.role as role9_1_ from user user0_ where user0_.email=?
2023-12-11 12:38:48.145  INFO 1 --- [nio-9090-exec-6] c.c.d.controllers.AdminController        : [TYPE] incoming [METHOD] POST [API_NAME] registerAgent
Hibernate: select user0_.id as col_0_0_ from user user0_ where user0_.email=? limit ?
Hibernate: select user0_.id as id1_1_, user0_.active as active2_1_, user0_.created_on as created_3_1_, user0_.email as email4_1_, user0_.first_name as first_na5_1_, user0_.last_name as last_nam6_1_, user0_.mobile_no as mobile_n7_1_, user0_.password as password8_1_, user0_.role as role9_1_ from user user0_ where user0_.email=?
2023-12-11 12:38:48.226  INFO 1 --- [nio-9090-exec-7] c.c.d.controllers.AdminController        : [TYPE] incoming [METHOD] GET [API_NAME] agentsGetAll
Hibernate: select user0_.id as id1_1_, user0_.active as active2_1_, user0_.created_on as created_3_1_, user0_.email as email4_1_, user0_.first_name as first_na5_1_, user0_.last_name as last_nam6_1_, user0_.mobile_no as mobile_n7_1_, user0_.password as password8_1_, user0_.role as role9_1_ from user user0_ where user0_.role=?
2023-12-11 12:38:48.228  INFO 1 --- [nio-9090-exec-7] c.c.d.controllers.AdminController        : [TYPE] outgoing [METHOD] GET [API_NAME] agentsGetAll [STATUS] SUCCESS
Hibernate: insert into user (active, created_on, email, first_name, last_name, mobile_no, password, role) values (?, ?, ?, ?, ?, ?, ?, ?)
Hibernate: select user0_.id as id1_1_, user0_.active as active2_1_, user0_.created_on as created_3_1_, user0_.email as email4_1_, user0_.first_name as first_na5_1_, user0_.last_name as last_nam6_1_, user0_.mobile_no as mobile_n7_1_, user0_.password as password8_1_, user0_.role as role9_1_ from user user0_ where user0_.email=?
2023-12-11 12:38:48.251  INFO 1 --- [nio-9090-exec-8] c.c.d.controllers.AdminController        : [TYPE] incoming [METHOD] GET [API_NAME] agentsGetAll
Hibernate: select user0_.id as id1_1_, user0_.active as active2_1_, user0_.created_on as created_3_1_, user0_.email as email4_1_, user0_.first_name as first_na5_1_, user0_.last_name as last_nam6_1_, user0_.mobile_no as mobile_n7_1_, user0_.password as password8_1_, user0_.role as role9_1_ from user user0_ where user0_.role=?
Hibernate: select user0_.id as id1_1_, user0_.active as active2_1_, user0_.created_on as created_3_1_, user0_.email as email4_1_, user0_.first_name as first_na5_1_, user0_.last_name as last_nam6_1_, user0_.mobile_no as mobile_n7_1_, user0_.password as password8_1_, user0_.role as role9_1_ from user user0_ where user0_.email=?
2023-12-11 12:38:48.254  INFO 1 --- [nio-9090-exec-8] c.c.d.controllers.AdminController        : [TYPE] outgoing [METHOD] GET [API_NAME] agentsGetAll [STATUS] SUCCESS
2023-12-11 12:38:48.262  INFO 1 --- [nio-9090-exec-6] c.c.d.controllers.AdminController        : [TYPE] outgoing [METHOD] POST [API_NAME] registerAgent [STATUS] SUCCES